<?xml version="1.0" encoding="UTF-8"?>
<testng-results ignored="0" total="1" passed="1" failed="0" skipped="0">
  <reporter-output>
  </reporter-output>
  <suite started-at="2018-04-04T22:07:53Z" name="Default suite" finished-at="2018-04-04T22:08:09Z" duration-ms="15406">
    <groups>
    </groups>
    <test started-at="2018-04-04T22:07:53Z" name="Default test" finished-at="2018-04-04T22:08:09Z" duration-ms="15406">
      <class name="BigLotsTest">
        <test-method signature="setUp()[pri:0, instance:BigLotsTest@15bbf42f]" started-at="2018-04-04T22:07:53Z" name="setUp" finished-at="2018-04-04T22:08:09Z" duration-ms="15340" status="PASS">
          <reporter-output>
          </reporter-output>
        </test-method> <!-- setUp -->
      </class> <!-- BigLotsTest -->
    </test> <!-- Default test -->
  </suite> <!-- Default suite -->
</testng-results>
